<?xml version="1.0" encoding="utf-8"?>
<!DOCTYPE keyboard SYSTEM 'VirtualKeyboardLayout.dtd'>
<keyboard title="test-import1-title" version="1.0" catalog="en_GB" language="test-import1-language" >
  <layout type="general" orientation="landscape" >
    <section id="main" type="sloppy" movable="false">
      <row>
        <key>
          <binding label="1" />
        </key>
      </row>
      <row>
        <key>
          <binding label="func1" />
        </key>
      </row>
    </section>
  </layout>
  <layout type="general" orientation="portrait" >
    <section id="main" type="sloppy" movable="false">
      <row>
        <key>
          <binding label="1" />
        </key>
      </row>
      <row>
        <key>
          <binding label="func1" />
        </key>
      </row>
    </section>
  </layout>
</keyboard>
